Using pre-set license
Built from '2020.2/staging' branch; Version is '2020.2.3f1 (8ff31bc5bf5b) revision 9433883'; Using compiler version '192528614'; Build Type 'Release'
OS: 'Windows 10 Home; OS build 19042.1237; Version 2009; 64bit' Language: 'en' Physical Memory: 16310 MB
BatchMode: 1, IsHumanControllingUs: 0, StartBugReporterOnCrash: 0, Is64bit: 1, IsPro: 0

 COMMAND LINE ARGUMENTS:
C:\Users\tahsi\Documents\2020.3.11f1\Editor\Unity.exe
-adb2
-batchMode
-noUpm
-name
AssetImportWorker0
-projectPath
C:/Users/tahsi/Documents/GitHub/Perfect-maze
-logFile
Logs/AssetImportWorker0.log
-srvPort
58866
Successfully changed project path to: C:/Users/tahsi/Documents/GitHub/Perfect-maze
C:/Users/tahsi/Documents/GitHub/Perfect-maze
Using Asset Import Pipeline V2.
Refreshing native plugins compatible for Editor in 17.42 ms, found 0 plugins.
Preloading 0 native plugins for Editor in 0.00 ms.
Initialize engine version: 2020.2.3f1 (8ff31bc5bf5b)
[Subsystems] Discovering subsystems at path C:/Users/tahsi/Documents/2020.3.11f1/Editor/Data/Resources/UnitySubsystems
[Subsystems] Discovering subsystems at path C:/Users/tahsi/Documents/GitHub/Perfect-maze/Assets
GfxDevice: creating device client; threaded=0
Direct3D:
    Version:  Direct3D 11.0 [level 11.1]
    Renderer: NVIDIA GeForce GTX 1660 SUPER (ID=0x21c4)
    Vendor:   
    VRAM:     5991 MB
    Driver:   27.21.14.6259
Initialize mono
Mono path[0] = 'C:/Users/tahsi/Documents/2020.3.11f1/Editor/Data/Managed'
Mono path[1] = 'C:/Users/tahsi/Documents/2020.3.11f1/Editor/Data/MonoBleedingEdge/lib/mono/unityjit'
Mono config path = 'C:/Users/tahsi/Documents/2020.3.11f1/Editor/Data/MonoBleedingEdge/etc'
Using monoOptions --debugger-agent=transport=dt_socket,embedding=1,server=y,suspend=n,address=127.0.0.1:56744
Begin MonoManager ReloadAssembly
Registering precompiled unity dll's ...
Register platform support module: C:/Users/tahsi/Documents/2020.3.11f1/Editor/Data/PlaybackEngines/WindowsStandaloneSupport/UnityEditor.WindowsStandalone.Extensions.dll
Registered in 0.001720 seconds.
Native extension for WindowsStandalone target not found
Refreshing native plugins compatible for Editor in 17.63 ms, found 0 plugins.
Preloading 0 native plugins for Editor in 0.00 ms.
Invoked RoslynAnalysisRunner static constructor.
RoslynAnalysisRunner will not be running.
RoslynAnalysisRunner has terminated.
Mono: successfully reloaded assembly
- Completed reload, in  1.411 seconds
Platform modules already initialized, skipping
Registering precompiled user dll's ...
Registered in 0.000559 seconds.
Begin MonoManager ReloadAssembly
Native extension for WindowsStandalone target not found
Refreshing native plugins compatible for Editor in 0.17 ms, found 0 plugins.
Preloading 0 native plugins for Editor in 0.00 ms.
Invoked RoslynAnalysisRunner static constructor.
RoslynAnalysisRunner will not be running.
RoslynAnalysisRunner has terminated.
Mono: successfully reloaded assembly
- Completed reload, in  0.634 seconds
Platform modules already initialized, skipping
========================================================================
Worker process is ready to serve import requests
Launched and connected shader compiler UnityShaderCompiler.exe after 0.03 seconds
Refreshing native plugins compatible for Editor in 0.28 ms, found 0 plugins.
Preloading 0 native plugins for Editor in 0.00 ms.
Unloading 1102 Unused Serialized files (Serialized files now loaded: 0)
System memory in use before: 56.7 MB.
System memory in use after: 56.8 MB.

Unloading 10 unused Assets to reduce memory usage. Loaded Objects now: 1544.
Total: 1.406700 ms (FindLiveObjects: 0.127200 ms CreateObjectMapping: 0.034300 ms MarkObjects: 1.180800 ms  DeleteObjects: 0.063100 ms)

========================================================================
Received Import Request.
  path: Assets/Scripts/PlayerController.cs
  artifactKey: Guid(b832c52255b1e334eb3768d51a14440c) Importer(815301076,1909f56bfc062723c751e8b465ee728b)
Start importing Assets/Scripts/PlayerController.cs using Guid(b832c52255b1e334eb3768d51a14440c) Importer(815301076,1909f56bfc062723c751e8b465ee728b)  -> (artifact id: '22fa2e6e4129883f65cd455fa4aa1606') in 0.025434 seconds
  Import took 0.026899 seconds .

========================================================================
Received Import Request.
  Time since last request: 0.000286 seconds.
  path: Assets/Scripts/MazeGenerator.cs
  artifactKey: Guid(215c3ddea42211840ace6525b1ab9bb6) Importer(815301076,1909f56bfc062723c751e8b465ee728b)
Start importing Assets/Scripts/MazeGenerator.cs using Guid(215c3ddea42211840ace6525b1ab9bb6) Importer(815301076,1909f56bfc062723c751e8b465ee728b)  -> (artifact id: 'bf99bdb3c24d107ffeb05f50df28623d') in 0.006432 seconds
  Import took 0.007834 seconds .

========================================================================
Received Import Request.
  Time since last request: 0.000262 seconds.
  path: Assets/Scripts/MazeGrid.cs
  artifactKey: Guid(9418c8a9468c9774b981b88ac971c038) Importer(815301076,1909f56bfc062723c751e8b465ee728b)
Start importing Assets/Scripts/MazeGrid.cs using Guid(9418c8a9468c9774b981b88ac971c038) Importer(815301076,1909f56bfc062723c751e8b465ee728b)  -> (artifact id: '491e0e86c1c582ecaf6e4feabb2bff32') in 0.005269 seconds
  Import took 0.006703 seconds .

========================================================================
Received Import Request.
  Time since last request: 0.000204 seconds.
  path: Assets/Scripts
  artifactKey: Guid(0b7532a722a04674d97a034e0653d410) Importer(815301076,1909f56bfc062723c751e8b465ee728b)
Start importing Assets/Scripts using Guid(0b7532a722a04674d97a034e0653d410) Importer(815301076,1909f56bfc062723c751e8b465ee728b)  -> (artifact id: '6cfcd2c5b59e4b7e9e8be62e9b244629') in 0.005804 seconds
  Import took 0.007252 seconds .

========================================================================
Received Import Request.
  Time since last request: 15.130836 seconds.
  path: Assets/Scripts/CameraController.cs
  artifactKey: Guid(593a0d58f8763d745a91c580f19a85c5) Importer(815301076,1909f56bfc062723c751e8b465ee728b)
Start importing Assets/Scripts/CameraController.cs using Guid(593a0d58f8763d745a91c580f19a85c5) Importer(815301076,1909f56bfc062723c751e8b465ee728b)  -> (artifact id: '565dafae30af3799ab05bc3243aea0f9') in 0.004709 seconds
  Import took 0.006271 seconds .

========================================================================
Received Prepare
Registering precompiled user dll's ...
Registered in 0.000487 seconds.
Begin MonoManager ReloadAssembly
Native extension for WindowsStandalone target not found
Refreshing native plugins compatible for Editor in 0.18 ms, found 0 plugins.
Preloading 0 native plugins for Editor in 0.00 ms.
Invoked RoslynAnalysisRunner static constructor.
RoslynAnalysisRunner will not be running.
RoslynAnalysisRunner has terminated.
Mono: successfully reloaded assembly
- Completed reload, in  0.606 seconds
Platform modules already initialized, skipping
Refreshing native plugins compatible for Editor in 0.20 ms, found 0 plugins.
Preloading 0 native plugins for Editor in 0.00 ms.
Unloading 1098 Unused Serialized files (Serialized files now loaded: 0)
System memory in use before: 56.7 MB.
System memory in use after: 56.8 MB.

Unloading 5 unused Assets to reduce memory usage. Loaded Objects now: 1547.
Total: 1.215000 ms (FindLiveObjects: 0.113700 ms CreateObjectMapping: 0.039700 ms MarkObjects: 1.014700 ms  DeleteObjects: 0.045700 ms)

========================================================================
Received Prepare
Registering precompiled user dll's ...
Registered in 0.000531 seconds.
Begin MonoManager ReloadAssembly
Native extension for WindowsStandalone target not found
Refreshing native plugins compatible for Editor in 0.17 ms, found 0 plugins.
Preloading 0 native plugins for Editor in 0.00 ms.
Invoked RoslynAnalysisRunner static constructor.
RoslynAnalysisRunner will not be running.
RoslynAnalysisRunner has terminated.
Mono: successfully reloaded assembly
- Completed reload, in  0.602 seconds
Platform modules already initialized, skipping
Refreshing native plugins compatible for Editor in 0.18 ms, found 0 plugins.
Preloading 0 native plugins for Editor in 0.00 ms.
Unloading 1098 Unused Serialized files (Serialized files now loaded: 0)
System memory in use before: 56.7 MB.
System memory in use after: 56.8 MB.

Unloading 5 unused Assets to reduce memory usage. Loaded Objects now: 1549.
Total: 1.464800 ms (FindLiveObjects: 0.132400 ms CreateObjectMapping: 0.032500 ms MarkObjects: 1.253000 ms  DeleteObjects: 0.045300 ms)

========================================================================
Received Import Request.
  Time since last request: 381.305584 seconds.
  path: Assets/Scripts/CameraController.cs
  artifactKey: Guid(593a0d58f8763d745a91c580f19a85c5) Importer(815301076,1909f56bfc062723c751e8b465ee728b)
Start importing Assets/Scripts/CameraController.cs using Guid(593a0d58f8763d745a91c580f19a85c5) Importer(815301076,1909f56bfc062723c751e8b465ee728b)  -> (artifact id: '501eb185184dc850cf647780244c636b') in 0.003141 seconds
  Import took 0.004441 seconds .

========================================================================
Received Prepare
Registering precompiled user dll's ...
Registered in 0.000661 seconds.
Begin MonoManager ReloadAssembly
Native extension for WindowsStandalone target not found
Refreshing native plugins compatible for Editor in 0.25 ms, found 0 plugins.
Preloading 0 native plugins for Editor in 0.00 ms.
Invoked RoslynAnalysisRunner static constructor.
RoslynAnalysisRunner will not be running.
RoslynAnalysisRunner has terminated.
Mono: successfully reloaded assembly
- Completed reload, in  0.711 seconds
Platform modules already initialized, skipping
Refreshing native plugins compatible for Editor in 0.37 ms, found 0 plugins.
Preloading 0 native plugins for Editor in 0.00 ms.
Unloading 1098 Unused Serialized files (Serialized files now loaded: 0)
System memory in use before: 56.7 MB.
System memory in use after: 56.8 MB.

Unloading 5 unused Assets to reduce memory usage. Loaded Objects now: 1551.
Total: 1.399800 ms (FindLiveObjects: 0.151400 ms CreateObjectMapping: 0.029400 ms MarkObjects: 1.174600 ms  DeleteObjects: 0.041200 ms)

========================================================================
Received Prepare
Registering precompiled user dll's ...
Registered in 0.000701 seconds.
Begin MonoManager ReloadAssembly
Native extension for WindowsStandalone target not found
Refreshing native plugins compatible for Editor in 0.18 ms, found 0 plugins.
Preloading 0 native plugins for Editor in 0.00 ms.
Invoked RoslynAnalysisRunner static constructor.
RoslynAnalysisRunner will not be running.
RoslynAnalysisRunner has terminated.
Mono: successfully reloaded assembly
- Completed reload, in  0.700 seconds
Platform modules already initialized, skipping
Refreshing native plugins compatible for Editor in 0.51 ms, found 0 plugins.
Preloading 0 native plugins for Editor in 0.00 ms.
Unloading 1098 Unused Serialized files (Serialized files now loaded: 0)
System memory in use before: 56.8 MB.
System memory in use after: 56.8 MB.

Unloading 5 unused Assets to reduce memory usage. Loaded Objects now: 1553.
Total: 1.552100 ms (FindLiveObjects: 0.232500 ms CreateObjectMapping: 0.071500 ms MarkObjects: 1.199200 ms  DeleteObjects: 0.047600 ms)

========================================================================
Received Prepare
Registering precompiled user dll's ...
Registered in 0.000525 seconds.
Begin MonoManager ReloadAssembly
Native extension for WindowsStandalone target not found
Refreshing native plugins compatible for Editor in 0.17 ms, found 0 plugins.
Preloading 0 native plugins for Editor in 0.00 ms.
Invoked RoslynAnalysisRunner static constructor.
RoslynAnalysisRunner will not be running.
RoslynAnalysisRunner has terminated.
Mono: successfully reloaded assembly
- Completed reload, in  0.596 seconds
Platform modules already initialized, skipping
Refreshing native plugins compatible for Editor in 0.19 ms, found 0 plugins.
Preloading 0 native plugins for Editor in 0.00 ms.
Unloading 1098 Unused Serialized files (Serialized files now loaded: 0)
System memory in use before: 56.8 MB.
System memory in use after: 56.8 MB.

Unloading 5 unused Assets to reduce memory usage. Loaded Objects now: 1555.
Total: 1.425100 ms (FindLiveObjects: 0.110800 ms CreateObjectMapping: 0.029300 ms MarkObjects: 1.238500 ms  DeleteObjects: 0.045200 ms)

========================================================================
Received Import Request.
  Time since last request: 478.310205 seconds.
  path: Assets/Material/Blue.mat
  artifactKey: Guid(efbd27451f679f94a8ef0dc5cbe353af) Importer(815301076,1909f56bfc062723c751e8b465ee728b)
Start importing Assets/Material/Blue.mat using Guid(efbd27451f679f94a8ef0dc5cbe353af) Importer(815301076,1909f56bfc062723c751e8b465ee728b)  -> (artifact id: '81c5800cff6629ee101dc4d6c5cf845e') in 0.076573 seconds
  Import took 0.078184 seconds .

========================================================================
Received Import Request.
  Time since last request: 0.875679 seconds.
  path: Assets/Material
  artifactKey: Guid(c8fe048a9bc5b9741945ad36725c390f) Importer(815301076,1909f56bfc062723c751e8b465ee728b)
Start importing Assets/Material using Guid(c8fe048a9bc5b9741945ad36725c390f) Importer(815301076,1909f56bfc062723c751e8b465ee728b)  -> (artifact id: '7dad1dd2145e76d512025b9c1aeca627') in 0.004479 seconds
  Import took 0.006051 seconds .

========================================================================
Received Import Request.
  Time since last request: 19.412964 seconds.
  path: Assets/Material/New Material.mat
  artifactKey: Guid(c9dac066ac5a75348af4fc2b7fcb892d) Importer(815301076,1909f56bfc062723c751e8b465ee728b)
Start importing Assets/Material/New Material.mat using Guid(c9dac066ac5a75348af4fc2b7fcb892d) Importer(815301076,1909f56bfc062723c751e8b465ee728b)  -> (artifact id: 'cf13d051d7ac351f108caf1302a7c15d') in 0.022728 seconds
  Import took 0.024289 seconds .

========================================================================
Received Import Request.
  Time since last request: 577.941941 seconds.
  path: Assets/Prefabs/Dust Storm.prefab
  artifactKey: Guid(a60368c3c26a3cd418b9dafba7797998) Importer(815301076,1909f56bfc062723c751e8b465ee728b)
Start importing Assets/Prefabs/Dust Storm.prefab using Guid(a60368c3c26a3cd418b9dafba7797998) Importer(815301076,1909f56bfc062723c751e8b465ee728b)  -> (artifact id: '3a1128ebda158d08c5e66e14466fe5f9') in 0.011571 seconds
  Import took 0.013500 seconds .

========================================================================
Received Import Request.
  Time since last request: 0.000208 seconds.
  path: Assets/Prefabs/Player.prefab
  artifactKey: Guid(9934fd9de40f32744bb3137a85175c05) Importer(815301076,1909f56bfc062723c751e8b465ee728b)
Start importing Assets/Prefabs/Player.prefab using Guid(9934fd9de40f32744bb3137a85175c05) Importer(815301076,1909f56bfc062723c751e8b465ee728b)  -> (artifact id: '1102a9f5d2280c4e36f4fbe46e5c0c55') in 0.013463 seconds
  Import took 0.014933 seconds .

========================================================================
Received Import Request.
  Time since last request: 0.000179 seconds.
  path: Assets/Prefabs/Wall.prefab
  artifactKey: Guid(9d267473abfed2b438d758ba457e5588) Importer(815301076,1909f56bfc062723c751e8b465ee728b)
Start importing Assets/Prefabs/Wall.prefab using Guid(9d267473abfed2b438d758ba457e5588) Importer(815301076,1909f56bfc062723c751e8b465ee728b)  -> (artifact id: '6360f27d4148e7e115a87d57bbabdfad') in 0.008877 seconds
  Import took 0.010442 seconds .

========================================================================
Received Import Request.
  Time since last request: 0.000176 seconds.
  path: Assets/Prefabs/Floor.prefab
  artifactKey: Guid(15c5b7b2bda89c849a9c8530d1f8066a) Importer(815301076,1909f56bfc062723c751e8b465ee728b)
Start importing Assets/Prefabs/Floor.prefab using Guid(15c5b7b2bda89c849a9c8530d1f8066a) Importer(815301076,1909f56bfc062723c751e8b465ee728b)  -> (artifact id: 'ccd96c2c00c88ed17e01e7055113f53a') in 0.009327 seconds
  Import took 0.010860 seconds .

========================================================================
Received Import Request.
  Time since last request: 243.257969 seconds.
  path: Packages/com.unity.test-framework
  artifactKey: Guid(6023f2b823fc19b4e4a90875281ff117) Importer(815301076,1909f56bfc062723c751e8b465ee728b)
Start importing Packages/com.unity.test-framework using Guid(6023f2b823fc19b4e4a90875281ff117) Importer(815301076,1909f56bfc062723c751e8b465ee728b)  -> (artifact id: '8f25a3d13ee873871c94e535daf3d517') in 0.004889 seconds
  Import took 0.006761 seconds .

========================================================================
Received Import Request.
  Time since last request: 4.064734 seconds.
  path: Packages/com.unity.collab-proxy
  artifactKey: Guid(1adad61bfb44214ee3e887b5febc4396) Importer(815301076,1909f56bfc062723c751e8b465ee728b)
Start importing Packages/com.unity.collab-proxy using Guid(1adad61bfb44214ee3e887b5febc4396) Importer(815301076,1909f56bfc062723c751e8b465ee728b)  -> (artifact id: 'ff771c8ecc1c5437015cb6010809f4e6') in 0.004808 seconds
  Import took 0.006386 seconds .

========================================================================
Received Import Request.
  Time since last request: 0.489366 seconds.
  path: Packages/com.unity.textmeshpro
  artifactKey: Guid(cabaa672b0e3ee91fa7b6da4daab7970) Importer(815301076,1909f56bfc062723c751e8b465ee728b)
Start importing Packages/com.unity.textmeshpro using Guid(cabaa672b0e3ee91fa7b6da4daab7970) Importer(815301076,1909f56bfc062723c751e8b465ee728b)  -> (artifact id: '4d443570978a52dd40659c635a520747') in 0.004906 seconds
  Import took 0.006482 seconds .

========================================================================
Received Import Request.
  Time since last request: 115.361825 seconds.
  path: Packages/com.unity.ext.nunit
  artifactKey: Guid(25a477c2f24db8778a4179421a32cc21) Importer(815301076,1909f56bfc062723c751e8b465ee728b)
Start importing Packages/com.unity.ext.nunit using Guid(25a477c2f24db8778a4179421a32cc21) Importer(815301076,1909f56bfc062723c751e8b465ee728b)  -> (artifact id: 'c6520336338604202519f257cbe662b7') in 0.004865 seconds
  Import took 0.006454 seconds .

========================================================================
Received Import Request.
  Time since last request: 0.000280 seconds.
  path: Packages/com.unity.ext.nunit
  artifactKey: Guid(25a477c2f24db8778a4179421a32cc21) Importer(815301076,1909f56bfc062723c751e8b465ee728b)
Start importing Packages/com.unity.ext.nunit using Guid(25a477c2f24db8778a4179421a32cc21) Importer(815301076,1909f56bfc062723c751e8b465ee728b)  -> (artifact id: 'c6520336338604202519f257cbe662b7') in 0.001601 seconds
  Import took 0.002925 seconds .

========================================================================
Received Import Request.
  Time since last request: 156.891431 seconds.
  path: Assets/Standard Assets/Vehicles
  artifactKey: Guid(91c9eb0d68c3aa9468278099737303a2) Importer(815301076,1909f56bfc062723c751e8b465ee728b)
Start importing Assets/Standard Assets/Vehicles using Guid(91c9eb0d68c3aa9468278099737303a2) Importer(815301076,1909f56bfc062723c751e8b465ee728b)  -> (artifact id: '96419c290f2b94ee1472da7a5cdf3376') in 0.005278 seconds
  Import took 0.007026 seconds .

========================================================================
Received Import Request.
  Time since last request: 0.000653 seconds.
  path: Assets/Standard Assets/Vehicles
  artifactKey: Guid(91c9eb0d68c3aa9468278099737303a2) Importer(815301076,1909f56bfc062723c751e8b465ee728b)
Start importing Assets/Standard Assets/Vehicles using Guid(91c9eb0d68c3aa9468278099737303a2) Importer(815301076,1909f56bfc062723c751e8b465ee728b)  -> (artifact id: '96419c290f2b94ee1472da7a5cdf3376') in 0.001887 seconds
  Import took 0.003411 seconds .

========================================================================
Received Import Request.
  Time since last request: 1.415649 seconds.
  path: Assets/Standard Assets/Effects
  artifactKey: Guid(115d1f9d9bd29064ab981e57c8fc8cdf) Importer(815301076,1909f56bfc062723c751e8b465ee728b)
Start importing Assets/Standard Assets/Effects using Guid(115d1f9d9bd29064ab981e57c8fc8cdf) Importer(815301076,1909f56bfc062723c751e8b465ee728b)  -> (artifact id: '85087f06c6483185a91a95aea5e5bed9') in 0.004564 seconds
  Import took 0.006124 seconds .

========================================================================
Received Import Request.
  Time since last request: 0.000483 seconds.
  path: Assets/Standard Assets/Effects
  artifactKey: Guid(115d1f9d9bd29064ab981e57c8fc8cdf) Importer(815301076,1909f56bfc062723c751e8b465ee728b)
Start importing Assets/Standard Assets/Effects using Guid(115d1f9d9bd29064ab981e57c8fc8cdf) Importer(815301076,1909f56bfc062723c751e8b465ee728b)  -> (artifact id: '85087f06c6483185a91a95aea5e5bed9') in 0.001787 seconds
  Import took 0.003187 seconds .

========================================================================
Received Import Request.
  Time since last request: 2.634595 seconds.
  path: Assets/Standard Assets/Cameras
  artifactKey: Guid(604bd9e7358cf48c0969f5b515a8c51c) Importer(815301076,1909f56bfc062723c751e8b465ee728b)
Start importing Assets/Standard Assets/Cameras using Guid(604bd9e7358cf48c0969f5b515a8c51c) Importer(815301076,1909f56bfc062723c751e8b465ee728b)  -> (artifact id: 'a09c3086c2060883c471b1ee2d4d9999') in 0.005026 seconds
  Import took 0.006627 seconds .

========================================================================
Received Import Request.
  Time since last request: 0.000498 seconds.
  path: Assets/Standard Assets/Cameras
  artifactKey: Guid(604bd9e7358cf48c0969f5b515a8c51c) Importer(815301076,1909f56bfc062723c751e8b465ee728b)
Start importing Assets/Standard Assets/Cameras using Guid(604bd9e7358cf48c0969f5b515a8c51c) Importer(815301076,1909f56bfc062723c751e8b465ee728b)  -> (artifact id: 'a09c3086c2060883c471b1ee2d4d9999') in 0.001759 seconds
  Import took 0.003263 seconds .

========================================================================
Received Import Request.
  Time since last request: 0.405885 seconds.
  path: Assets/Standard Assets/2D
  artifactKey: Guid(27dbec7630294d64c9ab91261656cbd4) Importer(815301076,1909f56bfc062723c751e8b465ee728b)
Start importing Assets/Standard Assets/2D using Guid(27dbec7630294d64c9ab91261656cbd4) Importer(815301076,1909f56bfc062723c751e8b465ee728b)  -> (artifact id: '4c2de13da2946c9c57cfa4e99b9d29f5') in 0.004816 seconds
  Import took 0.006446 seconds .

========================================================================
Received Import Request.
  Time since last request: 0.000761 seconds.
  path: Assets/Standard Assets/2D
  artifactKey: Guid(27dbec7630294d64c9ab91261656cbd4) Importer(815301076,1909f56bfc062723c751e8b465ee728b)
Start importing Assets/Standard Assets/2D using Guid(27dbec7630294d64c9ab91261656cbd4) Importer(815301076,1909f56bfc062723c751e8b465ee728b)  -> (artifact id: '4c2de13da2946c9c57cfa4e99b9d29f5') in 0.001811 seconds
  Import took 0.003344 seconds .

========================================================================
Received Import Request.
  Time since last request: 0.788746 seconds.
  path: Assets/Standard Assets/CrossPlatformInput
  artifactKey: Guid(710bc43f80d178548bd226c252c8e65b) Importer(815301076,1909f56bfc062723c751e8b465ee728b)
Start importing Assets/Standard Assets/CrossPlatformInput using Guid(710bc43f80d178548bd226c252c8e65b) Importer(815301076,1909f56bfc062723c751e8b465ee728b)  -> (artifact id: '4ca21d6cd3938c80096b7238fe6d4d2e') in 0.004990 seconds
  Import took 0.006553 seconds .

========================================================================
Received Import Request.
  Time since last request: 0.000887 seconds.
  path: Assets/Standard Assets/CrossPlatformInput
  artifactKey: Guid(710bc43f80d178548bd226c252c8e65b) Importer(815301076,1909f56bfc062723c751e8b465ee728b)
Start importing Assets/Standard Assets/CrossPlatformInput using Guid(710bc43f80d178548bd226c252c8e65b) Importer(815301076,1909f56bfc062723c751e8b465ee728b)  -> (artifact id: '4ca21d6cd3938c80096b7238fe6d4d2e') in 0.001883 seconds
  Import took 0.003484 seconds .

========================================================================
Received Import Request.
  Time since last request: 28.549307 seconds.
  path: Assets/Standard Assets/ParticleSystems
  artifactKey: Guid(d7ea5a218770df14895b81e3602e420f) Importer(815301076,1909f56bfc062723c751e8b465ee728b)
Start importing Assets/Standard Assets/ParticleSystems using Guid(d7ea5a218770df14895b81e3602e420f) Importer(815301076,1909f56bfc062723c751e8b465ee728b)  -> (artifact id: '866495a1182be0deae25984c11b06f1d') in 0.005234 seconds
  Import took 0.006811 seconds .

========================================================================
Received Import Request.
  Time since last request: 1.311661 seconds.
  path: Assets/Standard Assets/ParticleSystems/Prefabs
  artifactKey: Guid(15135e86e52ab4b038dcbd61d7549e9f) Importer(815301076,1909f56bfc062723c751e8b465ee728b)
Start importing Assets/Standard Assets/ParticleSystems/Prefabs using Guid(15135e86e52ab4b038dcbd61d7549e9f) Importer(815301076,1909f56bfc062723c751e8b465ee728b)  -> (artifact id: '2c99b7f9ef0b95c0bef6985cf153f2ad') in 0.004459 seconds
  Import took 0.005990 seconds .

========================================================================
Received Import Request.
  Time since last request: 0.218284 seconds.
  path: Assets/Standard Assets/ParticleSystems/Prefabs/Afterburner.prefab
  artifactKey: Guid(d8c41be67f41aa545ae053b0b927f821) Importer(815301076,1909f56bfc062723c751e8b465ee728b)
Start importing Assets/Standard Assets/ParticleSystems/Prefabs/Afterburner.prefab using Guid(d8c41be67f41aa545ae053b0b927f821) Importer(815301076,1909f56bfc062723c751e8b465ee728b)  -> (artifact id: '36691d02c32d7747567e56f2a75d3c71') in 0.008765 seconds
  Import took 0.010426 seconds .

========================================================================
Received Import Request.
  Time since last request: 0.000176 seconds.
  path: Assets/Standard Assets/ParticleSystems/Prefabs/FlareMobile.prefab
  artifactKey: Guid(ccbcfc705a39717429590a9f247ec30a) Importer(815301076,1909f56bfc062723c751e8b465ee728b)
Start importing Assets/Standard Assets/ParticleSystems/Prefabs/FlareMobile.prefab using Guid(ccbcfc705a39717429590a9f247ec30a) Importer(815301076,1909f56bfc062723c751e8b465ee728b)  -> (artifact id: '5871f142e5de67b4057609911c8c2aa8') in 0.006310 seconds
  Import took 0.007981 seconds .

========================================================================
Received Import Request.
  Time since last request: 0.000198 seconds.
  path: Assets/Standard Assets/ParticleSystems/Prefabs/Explosion.prefab
  artifactKey: Guid(031d08f52af1daa4f929b85221519426) Importer(815301076,1909f56bfc062723c751e8b465ee728b)
Start importing Assets/Standard Assets/ParticleSystems/Prefabs/Explosion.prefab using Guid(031d08f52af1daa4f929b85221519426) Importer(815301076,1909f56bfc062723c751e8b465ee728b)  -> (artifact id: '02bcd578750570e9dafbdd888cf31102') in 0.007766 seconds
  Import took 0.009948 seconds .

========================================================================
Received Import Request.
  Time since last request: 0.000162 seconds.
  path: Assets/Standard Assets/ParticleSystems/Prefabs/Steam.prefab
  artifactKey: Guid(32aafb358d61bd14b9b27ed0871fe43b) Importer(815301076,1909f56bfc062723c751e8b465ee728b)
Start importing Assets/Standard Assets/ParticleSystems/Prefabs/Steam.prefab using Guid(32aafb358d61bd14b9b27ed0871fe43b) Importer(815301076,1909f56bfc062723c751e8b465ee728b)  -> (artifact id: 'b42557f6f2922f63eff64319055aa82c') in 0.006257 seconds
  Import took 0.007767 seconds .

========================================================================
Received Import Request.
  Time since last request: 0.000182 seconds.
  path: Assets/Standard Assets/ParticleSystems/Prefabs/FireComplex.prefab
  artifactKey: Guid(bf495eacf58e31146ab012aa89ac68da) Importer(815301076,1909f56bfc062723c751e8b465ee728b)
Start importing Assets/Standard Assets/ParticleSystems/Prefabs/FireComplex.prefab using Guid(bf495eacf58e31146ab012aa89ac68da) Importer(815301076,1909f56bfc062723c751e8b465ee728b)  -> (artifact id: 'a879c2af48cd833b368f225b047efb4e') in 0.106861 seconds
  Import took 0.108796 seconds .

========================================================================
Received Import Request.
  Time since last request: 0.000212 seconds.
  path: Assets/Standard Assets/ParticleSystems/Prefabs/TyreBurnoutSmoke.prefab
  artifactKey: Guid(98c58c8dd46640c49bb5f557afafea7c) Importer(815301076,1909f56bfc062723c751e8b465ee728b)
Start importing Assets/Standard Assets/ParticleSystems/Prefabs/TyreBurnoutSmoke.prefab using Guid(98c58c8dd46640c49bb5f557afafea7c) Importer(815301076,1909f56bfc062723c751e8b465ee728b)  -> (artifact id: '6c9c8aa1a7dd6b5e28a70ec79fa8047c') in 0.006120 seconds
  Import took 0.007714 seconds .

========================================================================
Received Import Request.
  Time since last request: 0.000229 seconds.
  path: Assets/Standard Assets/ParticleSystems/Prefabs/Smoke.prefab
  artifactKey: Guid(921a3ff88856fe04ebc86b196fd8cc59) Importer(815301076,1909f56bfc062723c751e8b465ee728b)
Start importing Assets/Standard Assets/ParticleSystems/Prefabs/Smoke.prefab using Guid(921a3ff88856fe04ebc86b196fd8cc59) Importer(815301076,1909f56bfc062723c751e8b465ee728b)  -> (artifact id: 'd9934562e06c89f78be084fc3e23fe53') in 0.006694 seconds
  Import took 0.008750 seconds .

========================================================================
Received Import Request.
  Time since last request: 0.000183 seconds.
  path: Assets/Standard Assets/ParticleSystems/Prefabs/WildFire.prefab
  artifactKey: Guid(2c32987c2bc01844a94adfb917dd677d) Importer(815301076,1909f56bfc062723c751e8b465ee728b)
Start importing Assets/Standard Assets/ParticleSystems/Prefabs/WildFire.prefab using Guid(2c32987c2bc01844a94adfb917dd677d) Importer(815301076,1909f56bfc062723c751e8b465ee728b)  -> (artifact id: 'dc9ccebd48fb838e2e72a0c0d9edbe5f') in 0.017517 seconds
  Import took 0.019308 seconds .

========================================================================
Received Import Request.
  Time since last request: 0.000200 seconds.
  path: Assets/Standard Assets/ParticleSystems/Prefabs/ExplosionMobile.prefab
  artifactKey: Guid(645413a00f7bd0242bbd6d0e5eb6f439) Importer(815301076,1909f56bfc062723c751e8b465ee728b)
Start importing Assets/Standard Assets/ParticleSystems/Prefabs/ExplosionMobile.prefab using Guid(645413a00f7bd0242bbd6d0e5eb6f439) Importer(815301076,1909f56bfc062723c751e8b465ee728b)  -> (artifact id: '6ddc06558f796c99b64a0b9b5c12b272') in 0.007195 seconds
  Import took 0.009003 seconds .

========================================================================
Received Import Request.
  Time since last request: 0.000153 seconds.
  path: Assets/Standard Assets/ParticleSystems/Prefabs/Flare.prefab
  artifactKey: Guid(0438351a6e6422d43a09930e9be00ee9) Importer(815301076,1909f56bfc062723c751e8b465ee728b)
Start importing Assets/Standard Assets/ParticleSystems/Prefabs/Flare.prefab using Guid(0438351a6e6422d43a09930e9be00ee9) Importer(815301076,1909f56bfc062723c751e8b465ee728b)  -> (artifact id: '28971be4f97570e2acbd5927b7db1000') in 0.006194 seconds
  Import took 0.007900 seconds .

========================================================================
Received Import Request.
  Time since last request: 0.000139 seconds.
  path: Assets/Standard Assets/ParticleSystems/Prefabs/HoseMobile.prefab
  artifactKey: Guid(4dbf077105ba797428d118320f2a10aa) Importer(815301076,1909f56bfc062723c751e8b465ee728b)
Start importing Assets/Standard Assets/ParticleSystems/Prefabs/HoseMobile.prefab using Guid(4dbf077105ba797428d118320f2a10aa) Importer(815301076,1909f56bfc062723c751e8b465ee728b)  -> (artifact id: '4e72a88c1959c6fafd319c0fbf4e07ca') in 0.007390 seconds
  Import took 0.009256 seconds .

========================================================================
Received Import Request.
  Time since last request: 0.000251 seconds.
  path: Assets/Standard Assets/ParticleSystems/Prefabs/DustStorm.prefab
  artifactKey: Guid(1f7aa4d40edff6e48b549003cad031e1) Importer(815301076,1909f56bfc062723c751e8b465ee728b)
Start importing Assets/Standard Assets/ParticleSystems/Prefabs/DustStorm.prefab using Guid(1f7aa4d40edff6e48b549003cad031e1) Importer(815301076,1909f56bfc062723c751e8b465ee728b)  -> (artifact id: 'd58e1e3cd47b6f92fc87d053c5c2e135') in 0.006524 seconds
  Import took 0.008545 seconds .

========================================================================
Received Import Request.
  Time since last request: 0.000156 seconds.
  path: Assets/Standard Assets/ParticleSystems/Prefabs/Fireworks.prefab
  artifactKey: Guid(180149b1a35449044a27b451e816d2de) Importer(815301076,1909f56bfc062723c751e8b465ee728b)
Start importing Assets/Standard Assets/ParticleSystems/Prefabs/Fireworks.prefab using Guid(180149b1a35449044a27b451e816d2de) Importer(815301076,1909f56bfc062723c751e8b465ee728b)  -> (artifact id: '20dacae593687fd646c3a8342c9af677') in 0.006895 seconds
  Import took 0.008828 seconds .

========================================================================
Received Import Request.
  Time since last request: 0.000291 seconds.
  path: Assets/Standard Assets/ParticleSystems/Prefabs/FireMobile.prefab
  artifactKey: Guid(b99a0a5998b2736429fd2a2fd1d01c5e) Importer(815301076,1909f56bfc062723c751e8b465ee728b)
Start importing Assets/Standard Assets/ParticleSystems/Prefabs/FireMobile.prefab using Guid(b99a0a5998b2736429fd2a2fd1d01c5e) Importer(815301076,1909f56bfc062723c751e8b465ee728b)  -> (artifact id: 'fa01541a975b52a92f3ebf21303081e2') in 0.010203 seconds
  Import took 0.011945 seconds .

========================================================================
Received Import Request.
  Time since last request: 0.000157 seconds.
  path: Assets/Standard Assets/ParticleSystems/Prefabs/DustStormMobile.prefab
  artifactKey: Guid(ed1c797ec3736704db03a0d64d010e33) Importer(815301076,1909f56bfc062723c751e8b465ee728b)
Start importing Assets/Standard Assets/ParticleSystems/Prefabs/DustStormMobile.prefab using Guid(ed1c797ec3736704db03a0d64d010e33) Importer(815301076,1909f56bfc062723c751e8b465ee728b)  -> (artifact id: 'c9f4722ca5b3129822304cb29b52571d') in 0.006136 seconds
  Import took 0.007737 seconds .

========================================================================
Received Import Request.
  Time since last request: 0.000155 seconds.
  path: Assets/Standard Assets/ParticleSystems/Prefabs/Hose.prefab
  artifactKey: Guid(fae5d333f43a55744ab0c44fecefdcae) Importer(815301076,1909f56bfc062723c751e8b465ee728b)
Start importing Assets/Standard Assets/ParticleSystems/Prefabs/Hose.prefab using Guid(fae5d333f43a55744ab0c44fecefdcae) Importer(815301076,1909f56bfc062723c751e8b465ee728b)  -> (artifact id: '0cd4c0c7ce54d226dcf6d9d799baaa14') in 0.007366 seconds
  Import took 0.009475 seconds .

========================================================================
Received Import Request.
  Time since last request: 0.000150 seconds.
  path: Assets/Standard Assets/ParticleSystems/Prefabs/SteamMobile.prefab
  artifactKey: Guid(b6fecef6c92b67147b638a07ef91195b) Importer(815301076,1909f56bfc062723c751e8b465ee728b)
Start importing Assets/Standard Assets/ParticleSystems/Prefabs/SteamMobile.prefab using Guid(b6fecef6c92b67147b638a07ef91195b) Importer(815301076,1909f56bfc062723c751e8b465ee728b)  -> (artifact id: '9c94dac44320e010227aefaf26a9e13c') in 0.006570 seconds
  Import took 0.008200 seconds .

========================================================================
Received Import Request.
  Time since last request: 0.328296 seconds.
  path: Assets/Standard Assets/ParticleSystems/Materials/ParticleDuststorm.mat
  artifactKey: Guid(7911795df27dd464190eed77dda90191) Importer(815301076,1909f56bfc062723c751e8b465ee728b)
Start importing Assets/Standard Assets/ParticleSystems/Materials/ParticleDuststorm.mat using Guid(7911795df27dd464190eed77dda90191) Importer(815301076,1909f56bfc062723c751e8b465ee728b)  -> (artifact id: '8feba13523338d8010f29351db8d5454') in 0.027629 seconds
  Import took 0.029252 seconds .

========================================================================
Received Import Request.
  Time since last request: 0.052526 seconds.
  path: Assets/Standard Assets/ParticleSystems/Prefabs/DustStorm.prefab
  artifactKey: Guid(1f7aa4d40edff6e48b549003cad031e1) Importer(815301076,1909f56bfc062723c751e8b465ee728b)
Start importing Assets/Standard Assets/ParticleSystems/Prefabs/DustStorm.prefab using Guid(1f7aa4d40edff6e48b549003cad031e1) Importer(815301076,1909f56bfc062723c751e8b465ee728b)  -> (artifact id: '95b8486678197ed92a5989af1644f585') in 0.003244 seconds
  Import took 0.004846 seconds .

========================================================================
Received Import Request.
  Time since last request: 0.009317 seconds.
  path: Assets/Standard Assets/ParticleSystems/Prefabs/DustStorm.prefab
  artifactKey: Guid(1f7aa4d40edff6e48b549003cad031e1) Importer(815301076,1909f56bfc062723c751e8b465ee728b)
Start importing Assets/Standard Assets/ParticleSystems/Prefabs/DustStorm.prefab using Guid(1f7aa4d40edff6e48b549003cad031e1) Importer(815301076,1909f56bfc062723c751e8b465ee728b)  -> (artifact id: '95b8486678197ed92a5989af1644f585') in 0.003136 seconds
  Import took 0.004792 seconds .

========================================================================
Received Import Request.
  Time since last request: 2.524990 seconds.
  path: Assets/Material/Particle effect.mat
  artifactKey: Guid(c9dac066ac5a75348af4fc2b7fcb892d) Importer(815301076,1909f56bfc062723c751e8b465ee728b)
Start importing Assets/Material/Particle effect.mat using Guid(c9dac066ac5a75348af4fc2b7fcb892d) Importer(815301076,1909f56bfc062723c751e8b465ee728b)  -> (artifact id: '913129aee4f5b731f57722a9d6c40484') in 0.013499 seconds
  Import took 0.015204 seconds .

========================================================================
Received Import Request.
  Time since last request: 0.007667 seconds.
  path: Assets/Material/Particle effect.mat
  artifactKey: Guid(c9dac066ac5a75348af4fc2b7fcb892d) Importer(815301076,1909f56bfc062723c751e8b465ee728b)
Start importing Assets/Material/Particle effect.mat using Guid(c9dac066ac5a75348af4fc2b7fcb892d) Importer(815301076,1909f56bfc062723c751e8b465ee728b)  -> (artifact id: '913129aee4f5b731f57722a9d6c40484') in 0.044909 seconds
  Import took 0.046568 seconds .

========================================================================
Received Prepare
Registering precompiled user dll's ...
Registered in 0.000549 seconds.
Begin MonoManager ReloadAssembly
Native extension for WindowsStandalone target not found
Refreshing native plugins compatible for Editor in 0.23 ms, found 0 plugins.
Preloading 0 native plugins for Editor in 0.00 ms.
[ScriptCompilation] NOT recompiling all scripts because this is an import worker process. Reason to compile was: Define symbols changed
Invoked RoslynAnalysisRunner static constructor.
RoslynAnalysisRunner will not be running.
RoslynAnalysisRunner has terminated.
Mono: successfully reloaded assembly
- Completed reload, in  0.610 seconds
Platform modules already initialized, skipping
Refreshing native plugins compatible for Editor in 0.26 ms, found 0 plugins.
Preloading 0 native plugins for Editor in 0.00 ms.
Unloading 1229 Unused Serialized files (Serialized files now loaded: 0)
System memory in use before: 70.8 MB.
System memory in use after: 66.7 MB.

Unloading 28 unused Assets to reduce memory usage. Loaded Objects now: 1720.
Total: 3.765000 ms (FindLiveObjects: 0.388100 ms CreateObjectMapping: 0.038500 ms MarkObjects: 1.280500 ms  DeleteObjects: 2.056900 ms)

========================================================================
Received Prepare
Registering precompiled user dll's ...
Registered in 0.000663 seconds.
Begin MonoManager ReloadAssembly
Native extension for WindowsStandalone target not found
Refreshing native plugins compatible for Editor in 0.40 ms, found 0 plugins.
Preloading 0 native plugins for Editor in 0.00 ms.
[ScriptCompilation] NOT recompiling all scripts because this is an import worker process. Reason to compile was: Define symbols changed
Invoked RoslynAnalysisRunner static constructor.
RoslynAnalysisRunner will not be running.
RoslynAnalysisRunner has terminated.
Mono: successfully reloaded assembly
- Completed reload, in  0.715 seconds
Platform modules already initialized, skipping
Refreshing native plugins compatible for Editor in 0.38 ms, found 0 plugins.
Preloading 0 native plugins for Editor in 0.00 ms.
Unloading 1228 Unused Serialized files (Serialized files now loaded: 0)
System memory in use before: 70.7 MB.
System memory in use after: 66.6 MB.

Unloading 26 unused Assets to reduce memory usage. Loaded Objects now: 1722.
Total: 3.739200 ms (FindLiveObjects: 0.189900 ms CreateObjectMapping: 0.074100 ms MarkObjects: 1.297700 ms  DeleteObjects: 2.176300 ms)

========================================================================
Received Prepare
Registering precompiled user dll's ...
Registered in 0.000682 seconds.
Begin MonoManager ReloadAssembly
Native extension for WindowsStandalone target not found
Refreshing native plugins compatible for Editor in 0.28 ms, found 0 plugins.
Preloading 0 native plugins for Editor in 0.00 ms.
[ScriptCompilation] NOT recompiling all scripts because this is an import worker process. Reason to compile was: Define symbols changed
Invoked RoslynAnalysisRunner static constructor.
RoslynAnalysisRunner will not be running.
RoslynAnalysisRunner has terminated.
Mono: successfully reloaded assembly
- Completed reload, in  0.658 seconds
Platform modules already initialized, skipping
Refreshing native plugins compatible for Editor in 0.46 ms, found 0 plugins.
Preloading 0 native plugins for Editor in 0.00 ms.
Unloading 1228 Unused Serialized files (Serialized files now loaded: 0)
System memory in use before: 70.8 MB.
System memory in use after: 66.6 MB.

Unloading 26 unused Assets to reduce memory usage. Loaded Objects now: 1724.
Total: 4.136400 ms (FindLiveObjects: 0.353000 ms CreateObjectMapping: 0.174000 ms MarkObjects: 1.349500 ms  DeleteObjects: 2.258800 ms)

AssetImportWorkerClient::OnTransportError - code=2 error=End of file
